<?xml version="1.0" encoding="UTF-8"?>
<!-- Generated by org.testng.reporters.JUnitXMLReporter -->
<testsuite ignored="1" hostname="TestAver" failures="0" tests="1" name="Default test" time="4.466" errors="0" timestamp="2023-07-02T12:07:00 IST">
  <testcase classname="gitHubTests.CreateRepository" name="CreateRepoDynamic" time="4.392"/>
  <testcase classname="gitHubTests.CreateRepository" name="createRepository" time="0.0">
    <ignored/>
  </testcase> <!-- createRepository -->
</testsuite> <!-- Default test -->
