<?xml version="1.0" encoding="UTF-8"?>
<testng-results ignored="1" total="2" passed="1" failed="0" skipped="0">
  <reporter-output>
  </reporter-output>
  <suite started-at="2023-07-02T12:06:56 IST" name="Default suite" finished-at="2023-07-02T12:07:00 IST" duration-ms="4466">
    <groups>
    </groups>
    <test started-at="2023-07-02T12:06:56 IST" name="Default test" finished-at="2023-07-02T12:07:00 IST" duration-ms="4466">
      <class name="gitHubTests.CreateRepository">
        <test-method signature="CreateRepoDynamic()[pri:0, instance:gitHubTests.CreateRepository@17497425]" started-at="2023-07-02T12:06:56 IST" name="CreateRepoDynamic" finished-at="2023-07-02T12:07:00 IST" duration-ms="4392" status="PASS">
          <reporter-output>
          </reporter-output>
        </test-method> <!-- CreateRepoDynamic -->
      </class> <!-- gitHubTests.CreateRepository -->
    </test> <!-- Default test -->
  </suite> <!-- Default suite -->
</testng-results>
